2024-03-27 15:20:30,980:WARNING:
'cuml' is a soft dependency and not included in the pycaret installation. Please run: `pip install cuml` to install.
2024-03-27 15:20:30,981:WARNING:
'cuml' is a soft dependency and not included in the pycaret installation. Please run: `pip install cuml` to install.
2024-03-27 15:20:30,981:WARNING:
'cuml' is a soft dependency and not included in the pycaret installation. Please run: `pip install cuml` to install.
2024-03-27 15:20:30,981:WARNING:
'cuml' is a soft dependency and not included in the pycaret installation. Please run: `pip install cuml` to install.
2024-03-27 15:20:36,682:INFO:Initializing load_model()
2024-03-27 15:20:36,682:INFO:load_model(model_name=Best Model Projeto Final 122022, platform=None, authentication=None, verbose=True)
2024-03-27 15:21:20,918:INFO:Initializing load_model()
2024-03-27 15:21:20,918:INFO:load_model(model_name=Final_model_270324, platform=None, authentication=None, verbose=True)
2024-03-27 15:22:46,664:INFO:Initializing load_model()
2024-03-27 15:22:46,664:INFO:load_model(model_name=Final_model_270324, platform=None, authentication=None, verbose=True)
2024-03-27 15:23:12,464:INFO:Initializing load_model()
2024-03-27 15:23:12,464:INFO:load_model(model_name=Final_model_270324, platform=None, authentication=None, verbose=True)
2024-03-27 15:44:13,652:WARNING:
'cuml' is a soft dependency and not included in the pycaret installation. Please run: `pip install cuml` to install.
2024-03-27 15:44:13,652:WARNING:
'cuml' is a soft dependency and not included in the pycaret installation. Please run: `pip install cuml` to install.
2024-03-27 15:44:13,652:WARNING:
'cuml' is a soft dependency and not included in the pycaret installation. Please run: `pip install cuml` to install.
2024-03-27 15:44:13,652:WARNING:
'cuml' is a soft dependency and not included in the pycaret installation. Please run: `pip install cuml` to install.
2024-03-27 15:44:34,322:WARNING:C:\Users\rafar\AppData\Local\Temp\ipykernel_25948\3790471650.py:10: SettingWithCopyWarning: 
A value is trying to be set on a copy of a slice from a DataFrame.
Try using .loc[row_indexer,col_indexer] = value instead

See the caveats in the documentation: https://pandas.pydata.org/pandas-docs/stable/user_guide/indexing.html#returning-a-view-versus-a-copy
  df_train['mes'] = df_train['data_ref'].dt.month

2024-03-27 15:46:45,038:INFO:PyCaret ClassificationExperiment
2024-03-27 15:46:45,038:INFO:Logging name: credit_1
2024-03-27 15:46:45,038:INFO:ML Usecase: MLUsecase.CLASSIFICATION
2024-03-27 15:46:45,038:INFO:version 3.3.0
2024-03-27 15:46:45,038:INFO:Initializing setup()
2024-03-27 15:46:45,038:INFO:self.USI: dcff
2024-03-27 15:46:45,038:INFO:self._variable_keys: {'exp_id', '_ml_usecase', 'n_jobs_param', 'fold_shuffle_param', 'y_train', 'X_train', 'USI', 'seed', 'log_plots_param', 'y_test', 'html_param', 'fold_generator', 'target_param', 'logging_param', 'gpu_n_jobs_param', 'is_multiclass', 'fold_groups_param', 'y', '_available_plots', 'gpu_param', 'X', 'X_test', 'pipeline', 'memory', 'fix_imbalance', 'exp_name_log', 'data', 'idx'}
2024-03-27 15:46:45,038:INFO:Checking environment
2024-03-27 15:46:45,038:INFO:python_version: 3.11.8
2024-03-27 15:46:45,038:INFO:python_build: ('tags/v3.11.8:db85d51', 'Feb  6 2024 22:03:32')
2024-03-27 15:46:45,038:INFO:machine: AMD64
2024-03-27 15:46:45,038:INFO:platform: Windows-10-10.0.22631-SP0
2024-03-27 15:46:45,045:INFO:Memory: svmem(total=16961847296, available=2744164352, percent=83.8, used=14217682944, free=2744164352)
2024-03-27 15:46:45,045:INFO:Physical Core: 8
2024-03-27 15:46:45,045:INFO:Logical Core: 16
2024-03-27 15:46:45,045:INFO:Checking libraries
2024-03-27 15:46:45,045:INFO:System:
2024-03-27 15:46:45,045:INFO:    python: 3.11.8 (tags/v3.11.8:db85d51, Feb  6 2024, 22:03:32) [MSC v.1937 64 bit (AMD64)]
2024-03-27 15:46:45,045:INFO:executable: C:\Users\rafar\AppData\Local\Microsoft\WindowsApps\PythonSoftwareFoundation.Python.3.11_qbz5n2kfra8p0\python.exe
2024-03-27 15:46:45,045:INFO:   machine: Windows-10-10.0.22631-SP0
2024-03-27 15:46:45,045:INFO:PyCaret required dependencies:
2024-03-27 15:46:45,400:INFO:                 pip: 24.0
2024-03-27 15:46:45,400:INFO:          setuptools: 65.5.0
2024-03-27 15:46:45,400:INFO:             pycaret: 3.3.0
2024-03-27 15:46:45,400:INFO:             IPython: 8.12.3
2024-03-27 15:46:45,400:INFO:          ipywidgets: 8.1.2
2024-03-27 15:46:45,400:INFO:                tqdm: 4.66.2
2024-03-27 15:46:45,400:INFO:               numpy: 1.25.2
2024-03-27 15:46:45,400:INFO:              pandas: 2.1.4
2024-03-27 15:46:45,400:INFO:              jinja2: 3.1.3
2024-03-27 15:46:45,400:INFO:               scipy: 1.11.3
2024-03-27 15:46:45,400:INFO:              joblib: 1.3.2
2024-03-27 15:46:45,400:INFO:             sklearn: 1.4.1.post1
2024-03-27 15:46:45,400:INFO:                pyod: 1.1.3
2024-03-27 15:46:45,400:INFO:            imblearn: 0.12.0
2024-03-27 15:46:45,400:INFO:   category_encoders: 2.6.3
2024-03-27 15:46:45,400:INFO:            lightgbm: 4.3.0
2024-03-27 15:46:45,400:INFO:               numba: 0.58.1
2024-03-27 15:46:45,400:INFO:            requests: 2.31.0
2024-03-27 15:46:45,400:INFO:          matplotlib: 3.7.5
2024-03-27 15:46:45,400:INFO:          scikitplot: 0.3.7
2024-03-27 15:46:45,400:INFO:         yellowbrick: 1.5
2024-03-27 15:46:45,400:INFO:              plotly: 5.20.0
2024-03-27 15:46:45,400:INFO:    plotly-resampler: Not installed
2024-03-27 15:46:45,400:INFO:             kaleido: 0.2.1
2024-03-27 15:46:45,400:INFO:           schemdraw: 0.15
2024-03-27 15:46:45,401:INFO:         statsmodels: 0.14.1
2024-03-27 15:46:45,401:INFO:              sktime: 0.27.1
2024-03-27 15:46:45,401:INFO:               tbats: 1.1.3
2024-03-27 15:46:45,401:INFO:            pmdarima: 2.0.4
2024-03-27 15:46:45,401:INFO:              psutil: 5.9.5
2024-03-27 15:46:45,401:INFO:          markupsafe: 2.1.5
2024-03-27 15:46:45,401:INFO:             pickle5: Not installed
2024-03-27 15:46:45,401:INFO:         cloudpickle: 3.0.0
2024-03-27 15:46:45,401:INFO:         deprecation: 2.1.0
2024-03-27 15:46:45,401:INFO:              xxhash: 3.4.1
2024-03-27 15:46:45,401:INFO:           wurlitzer: Not installed
2024-03-27 15:46:45,401:INFO:PyCaret optional dependencies:
2024-03-27 15:46:45,416:INFO:                shap: Not installed
2024-03-27 15:46:45,417:INFO:           interpret: Not installed
2024-03-27 15:46:45,417:INFO:                umap: Not installed
2024-03-27 15:46:45,417:INFO:     ydata_profiling: 4.6.5
2024-03-27 15:46:45,417:INFO:  explainerdashboard: Not installed
2024-03-27 15:46:45,417:INFO:             autoviz: Not installed
2024-03-27 15:46:45,417:INFO:           fairlearn: Not installed
2024-03-27 15:46:45,417:INFO:          deepchecks: Not installed
2024-03-27 15:46:45,417:INFO:             xgboost: Not installed
2024-03-27 15:46:45,417:INFO:            catboost: Not installed
2024-03-27 15:46:45,417:INFO:              kmodes: Not installed
2024-03-27 15:46:45,417:INFO:             mlxtend: Not installed
2024-03-27 15:46:45,417:INFO:       statsforecast: Not installed
2024-03-27 15:46:45,417:INFO:        tune_sklearn: Not installed
2024-03-27 15:46:45,417:INFO:                 ray: Not installed
2024-03-27 15:46:45,417:INFO:            hyperopt: Not installed
2024-03-27 15:46:45,417:INFO:              optuna: Not installed
2024-03-27 15:46:45,417:INFO:               skopt: Not installed
2024-03-27 15:46:45,417:INFO:              mlflow: Not installed
2024-03-27 15:46:45,417:INFO:              gradio: Not installed
2024-03-27 15:46:45,417:INFO:             fastapi: Not installed
2024-03-27 15:46:45,417:INFO:             uvicorn: Not installed
2024-03-27 15:46:45,417:INFO:              m2cgen: Not installed
2024-03-27 15:46:45,417:INFO:           evidently: Not installed
2024-03-27 15:46:45,417:INFO:               fugue: Not installed
2024-03-27 15:46:45,417:INFO:           streamlit: 1.31.1
2024-03-27 15:46:45,417:INFO:             prophet: Not installed
2024-03-27 15:46:45,417:INFO:None
2024-03-27 15:46:45,417:INFO:Set up data.
2024-03-27 15:46:45,428:INFO:Set up folding strategy.
2024-03-27 15:46:45,428:INFO:Set up train/test split.
2024-03-27 15:46:45,437:INFO:Set up index.
2024-03-27 15:47:20,214:INFO:PyCaret ClassificationExperiment
2024-03-27 15:47:20,214:INFO:Logging name: credit_1
2024-03-27 15:47:20,215:INFO:ML Usecase: MLUsecase.CLASSIFICATION
2024-03-27 15:47:20,215:INFO:version 3.3.0
2024-03-27 15:47:20,215:INFO:Initializing setup()
2024-03-27 15:47:20,215:INFO:self.USI: d015
2024-03-27 15:47:20,215:INFO:self._variable_keys: {'exp_id', '_ml_usecase', 'n_jobs_param', 'fold_shuffle_param', 'y_train', 'X_train', 'USI', 'seed', 'log_plots_param', 'y_test', 'html_param', 'fold_generator', 'target_param', 'logging_param', 'gpu_n_jobs_param', 'is_multiclass', 'fold_groups_param', 'y', '_available_plots', 'gpu_param', 'X', 'X_test', 'pipeline', 'memory', 'fix_imbalance', 'exp_name_log', 'data', 'idx'}
2024-03-27 15:47:20,215:INFO:Checking environment
2024-03-27 15:47:20,215:INFO:python_version: 3.11.8
2024-03-27 15:47:20,215:INFO:python_build: ('tags/v3.11.8:db85d51', 'Feb  6 2024 22:03:32')
2024-03-27 15:47:20,215:INFO:machine: AMD64
2024-03-27 15:47:20,215:INFO:platform: Windows-10-10.0.22631-SP0
2024-03-27 15:47:20,222:INFO:Memory: svmem(total=16961847296, available=3092537344, percent=81.8, used=13869309952, free=3092537344)
2024-03-27 15:47:20,222:INFO:Physical Core: 8
2024-03-27 15:47:20,222:INFO:Logical Core: 16
2024-03-27 15:47:20,222:INFO:Checking libraries
2024-03-27 15:47:20,222:INFO:System:
2024-03-27 15:47:20,222:INFO:    python: 3.11.8 (tags/v3.11.8:db85d51, Feb  6 2024, 22:03:32) [MSC v.1937 64 bit (AMD64)]
2024-03-27 15:47:20,222:INFO:executable: C:\Users\rafar\AppData\Local\Microsoft\WindowsApps\PythonSoftwareFoundation.Python.3.11_qbz5n2kfra8p0\python.exe
2024-03-27 15:47:20,222:INFO:   machine: Windows-10-10.0.22631-SP0
2024-03-27 15:47:20,222:INFO:PyCaret required dependencies:
2024-03-27 15:47:20,222:INFO:                 pip: 24.0
2024-03-27 15:47:20,222:INFO:          setuptools: 65.5.0
2024-03-27 15:47:20,222:INFO:             pycaret: 3.3.0
2024-03-27 15:47:20,222:INFO:             IPython: 8.12.3
2024-03-27 15:47:20,222:INFO:          ipywidgets: 8.1.2
2024-03-27 15:47:20,222:INFO:                tqdm: 4.66.2
2024-03-27 15:47:20,222:INFO:               numpy: 1.25.2
2024-03-27 15:47:20,223:INFO:              pandas: 2.1.4
2024-03-27 15:47:20,223:INFO:              jinja2: 3.1.3
2024-03-27 15:47:20,223:INFO:               scipy: 1.11.3
2024-03-27 15:47:20,223:INFO:              joblib: 1.3.2
2024-03-27 15:47:20,223:INFO:             sklearn: 1.4.1.post1
2024-03-27 15:47:20,223:INFO:                pyod: 1.1.3
2024-03-27 15:47:20,223:INFO:            imblearn: 0.12.0
2024-03-27 15:47:20,223:INFO:   category_encoders: 2.6.3
2024-03-27 15:47:20,223:INFO:            lightgbm: 4.3.0
2024-03-27 15:47:20,223:INFO:               numba: 0.58.1
2024-03-27 15:47:20,223:INFO:            requests: 2.31.0
2024-03-27 15:47:20,223:INFO:          matplotlib: 3.7.5
2024-03-27 15:47:20,223:INFO:          scikitplot: 0.3.7
2024-03-27 15:47:20,223:INFO:         yellowbrick: 1.5
2024-03-27 15:47:20,223:INFO:              plotly: 5.20.0
2024-03-27 15:47:20,223:INFO:    plotly-resampler: Not installed
2024-03-27 15:47:20,223:INFO:             kaleido: 0.2.1
2024-03-27 15:47:20,223:INFO:           schemdraw: 0.15
2024-03-27 15:47:20,223:INFO:         statsmodels: 0.14.1
2024-03-27 15:47:20,223:INFO:              sktime: 0.27.1
2024-03-27 15:47:20,223:INFO:               tbats: 1.1.3
2024-03-27 15:47:20,223:INFO:            pmdarima: 2.0.4
2024-03-27 15:47:20,223:INFO:              psutil: 5.9.5
2024-03-27 15:47:20,223:INFO:          markupsafe: 2.1.5
2024-03-27 15:47:20,223:INFO:             pickle5: Not installed
2024-03-27 15:47:20,223:INFO:         cloudpickle: 3.0.0
2024-03-27 15:47:20,223:INFO:         deprecation: 2.1.0
2024-03-27 15:47:20,223:INFO:              xxhash: 3.4.1
2024-03-27 15:47:20,223:INFO:           wurlitzer: Not installed
2024-03-27 15:47:20,223:INFO:PyCaret optional dependencies:
2024-03-27 15:47:20,223:INFO:                shap: Not installed
2024-03-27 15:47:20,224:INFO:           interpret: Not installed
2024-03-27 15:47:20,224:INFO:                umap: Not installed
2024-03-27 15:47:20,224:INFO:     ydata_profiling: 4.6.5
2024-03-27 15:47:20,224:INFO:  explainerdashboard: Not installed
2024-03-27 15:47:20,224:INFO:             autoviz: Not installed
2024-03-27 15:47:20,224:INFO:           fairlearn: Not installed
2024-03-27 15:47:20,224:INFO:          deepchecks: Not installed
2024-03-27 15:47:20,224:INFO:             xgboost: Not installed
2024-03-27 15:47:20,224:INFO:            catboost: Not installed
2024-03-27 15:47:20,224:INFO:              kmodes: Not installed
2024-03-27 15:47:20,224:INFO:             mlxtend: Not installed
2024-03-27 15:47:20,224:INFO:       statsforecast: Not installed
2024-03-27 15:47:20,224:INFO:        tune_sklearn: Not installed
2024-03-27 15:47:20,224:INFO:                 ray: Not installed
2024-03-27 15:47:20,224:INFO:            hyperopt: Not installed
2024-03-27 15:47:20,224:INFO:              optuna: Not installed
2024-03-27 15:47:20,224:INFO:               skopt: Not installed
2024-03-27 15:47:20,224:INFO:              mlflow: Not installed
2024-03-27 15:47:20,224:INFO:              gradio: Not installed
2024-03-27 15:47:20,224:INFO:             fastapi: Not installed
2024-03-27 15:47:20,224:INFO:             uvicorn: Not installed
2024-03-27 15:47:20,224:INFO:              m2cgen: Not installed
2024-03-27 15:47:20,224:INFO:           evidently: Not installed
2024-03-27 15:47:20,224:INFO:               fugue: Not installed
2024-03-27 15:47:20,224:INFO:           streamlit: 1.31.1
2024-03-27 15:47:20,224:INFO:             prophet: Not installed
2024-03-27 15:47:20,224:INFO:None
2024-03-27 15:47:20,224:INFO:Set up data.
2024-03-27 15:47:20,233:INFO:Set up folding strategy.
2024-03-27 15:47:20,233:INFO:Set up train/test split.
2024-03-27 15:47:20,239:INFO:Set up index.
2024-03-27 15:50:02,004:INFO:PyCaret ClassificationExperiment
2024-03-27 15:50:02,004:INFO:Logging name: credit_1
2024-03-27 15:50:02,004:INFO:ML Usecase: MLUsecase.CLASSIFICATION
2024-03-27 15:50:02,004:INFO:version 3.3.0
2024-03-27 15:50:02,004:INFO:Initializing setup()
2024-03-27 15:50:02,004:INFO:self.USI: f0b8
2024-03-27 15:50:02,004:INFO:self._variable_keys: {'exp_id', '_ml_usecase', 'n_jobs_param', 'fold_shuffle_param', 'y_train', 'X_train', 'USI', 'seed', 'log_plots_param', 'y_test', 'html_param', 'fold_generator', 'target_param', 'logging_param', 'gpu_n_jobs_param', 'is_multiclass', 'fold_groups_param', 'y', '_available_plots', 'gpu_param', 'X', 'X_test', 'pipeline', 'memory', 'fix_imbalance', 'exp_name_log', 'data', 'idx'}
2024-03-27 15:50:02,004:INFO:Checking environment
2024-03-27 15:50:02,004:INFO:python_version: 3.11.8
2024-03-27 15:50:02,004:INFO:python_build: ('tags/v3.11.8:db85d51', 'Feb  6 2024 22:03:32')
2024-03-27 15:50:02,004:INFO:machine: AMD64
2024-03-27 15:50:02,004:INFO:platform: Windows-10-10.0.22631-SP0
2024-03-27 15:50:02,013:INFO:Memory: svmem(total=16961847296, available=2977374208, percent=82.4, used=13984473088, free=2977374208)
2024-03-27 15:50:02,013:INFO:Physical Core: 8
2024-03-27 15:50:02,013:INFO:Logical Core: 16
2024-03-27 15:50:02,013:INFO:Checking libraries
2024-03-27 15:50:02,014:INFO:System:
2024-03-27 15:50:02,014:INFO:    python: 3.11.8 (tags/v3.11.8:db85d51, Feb  6 2024, 22:03:32) [MSC v.1937 64 bit (AMD64)]
2024-03-27 15:50:02,014:INFO:executable: C:\Users\rafar\AppData\Local\Microsoft\WindowsApps\PythonSoftwareFoundation.Python.3.11_qbz5n2kfra8p0\python.exe
2024-03-27 15:50:02,014:INFO:   machine: Windows-10-10.0.22631-SP0
2024-03-27 15:50:02,014:INFO:PyCaret required dependencies:
2024-03-27 15:50:02,014:INFO:                 pip: 24.0
2024-03-27 15:50:02,014:INFO:          setuptools: 65.5.0
2024-03-27 15:50:02,014:INFO:             pycaret: 3.3.0
2024-03-27 15:50:02,014:INFO:             IPython: 8.12.3
2024-03-27 15:50:02,014:INFO:          ipywidgets: 8.1.2
2024-03-27 15:50:02,014:INFO:                tqdm: 4.66.2
2024-03-27 15:50:02,014:INFO:               numpy: 1.25.2
2024-03-27 15:50:02,014:INFO:              pandas: 2.1.4
2024-03-27 15:50:02,014:INFO:              jinja2: 3.1.3
2024-03-27 15:50:02,014:INFO:               scipy: 1.11.3
2024-03-27 15:50:02,014:INFO:              joblib: 1.3.2
2024-03-27 15:50:02,014:INFO:             sklearn: 1.4.1.post1
2024-03-27 15:50:02,014:INFO:                pyod: 1.1.3
2024-03-27 15:50:02,014:INFO:            imblearn: 0.12.0
2024-03-27 15:50:02,014:INFO:   category_encoders: 2.6.3
2024-03-27 15:50:02,014:INFO:            lightgbm: 4.3.0
2024-03-27 15:50:02,014:INFO:               numba: 0.58.1
2024-03-27 15:50:02,014:INFO:            requests: 2.31.0
2024-03-27 15:50:02,014:INFO:          matplotlib: 3.7.5
2024-03-27 15:50:02,014:INFO:          scikitplot: 0.3.7
2024-03-27 15:50:02,014:INFO:         yellowbrick: 1.5
2024-03-27 15:50:02,014:INFO:              plotly: 5.20.0
2024-03-27 15:50:02,014:INFO:    plotly-resampler: Not installed
2024-03-27 15:50:02,014:INFO:             kaleido: 0.2.1
2024-03-27 15:50:02,015:INFO:           schemdraw: 0.15
2024-03-27 15:50:02,015:INFO:         statsmodels: 0.14.1
2024-03-27 15:50:02,015:INFO:              sktime: 0.27.1
2024-03-27 15:50:02,015:INFO:               tbats: 1.1.3
2024-03-27 15:50:02,015:INFO:            pmdarima: 2.0.4
2024-03-27 15:50:02,015:INFO:              psutil: 5.9.5
2024-03-27 15:50:02,015:INFO:          markupsafe: 2.1.5
2024-03-27 15:50:02,015:INFO:             pickle5: Not installed
2024-03-27 15:50:02,015:INFO:         cloudpickle: 3.0.0
2024-03-27 15:50:02,015:INFO:         deprecation: 2.1.0
2024-03-27 15:50:02,015:INFO:              xxhash: 3.4.1
2024-03-27 15:50:02,015:INFO:           wurlitzer: Not installed
2024-03-27 15:50:02,015:INFO:PyCaret optional dependencies:
2024-03-27 15:50:02,015:INFO:                shap: Not installed
2024-03-27 15:50:02,015:INFO:           interpret: Not installed
2024-03-27 15:50:02,015:INFO:                umap: Not installed
2024-03-27 15:50:02,015:INFO:     ydata_profiling: 4.6.5
2024-03-27 15:50:02,015:INFO:  explainerdashboard: Not installed
2024-03-27 15:50:02,015:INFO:             autoviz: Not installed
2024-03-27 15:50:02,015:INFO:           fairlearn: Not installed
2024-03-27 15:50:02,015:INFO:          deepchecks: Not installed
2024-03-27 15:50:02,015:INFO:             xgboost: Not installed
2024-03-27 15:50:02,015:INFO:            catboost: Not installed
2024-03-27 15:50:02,015:INFO:              kmodes: Not installed
2024-03-27 15:50:02,015:INFO:             mlxtend: Not installed
2024-03-27 15:50:02,015:INFO:       statsforecast: Not installed
2024-03-27 15:50:02,015:INFO:        tune_sklearn: Not installed
2024-03-27 15:50:02,015:INFO:                 ray: Not installed
2024-03-27 15:50:02,015:INFO:            hyperopt: Not installed
2024-03-27 15:50:02,015:INFO:              optuna: Not installed
2024-03-27 15:50:02,015:INFO:               skopt: Not installed
2024-03-27 15:50:02,015:INFO:              mlflow: Not installed
2024-03-27 15:50:02,015:INFO:              gradio: Not installed
2024-03-27 15:50:02,015:INFO:             fastapi: Not installed
2024-03-27 15:50:02,016:INFO:             uvicorn: Not installed
2024-03-27 15:50:02,016:INFO:              m2cgen: Not installed
2024-03-27 15:50:02,016:INFO:           evidently: Not installed
2024-03-27 15:50:02,016:INFO:               fugue: Not installed
2024-03-27 15:50:02,016:INFO:           streamlit: 1.31.1
2024-03-27 15:50:02,016:INFO:             prophet: Not installed
2024-03-27 15:50:02,016:INFO:None
2024-03-27 15:50:02,016:INFO:Set up data.
2024-03-27 15:50:02,028:INFO:Set up folding strategy.
2024-03-27 15:50:02,028:INFO:Set up train/test split.
2024-03-27 15:50:02,034:INFO:Set up index.
2024-03-27 15:51:20,994:INFO:PyCaret RegressionExperiment
2024-03-27 15:51:20,994:INFO:Logging name: credit_score
2024-03-27 15:51:20,994:INFO:ML Usecase: MLUsecase.REGRESSION
2024-03-27 15:51:20,994:INFO:version 3.3.0
2024-03-27 15:51:20,994:INFO:Initializing setup()
2024-03-27 15:51:20,994:INFO:self.USI: 028b
2024-03-27 15:51:20,994:INFO:self._variable_keys: {'exp_id', '_ml_usecase', 'n_jobs_param', 'fold_shuffle_param', 'y_train', 'X_train', 'USI', 'seed', 'log_plots_param', 'y_test', 'transform_target_param', 'html_param', 'fold_generator', 'target_param', 'logging_param', 'gpu_n_jobs_param', 'fold_groups_param', 'y', '_available_plots', 'gpu_param', 'X', 'X_test', 'pipeline', 'memory', 'exp_name_log', 'data', 'idx'}
2024-03-27 15:51:20,994:INFO:Checking environment
2024-03-27 15:51:20,994:INFO:python_version: 3.11.8
2024-03-27 15:51:20,994:INFO:python_build: ('tags/v3.11.8:db85d51', 'Feb  6 2024 22:03:32')
2024-03-27 15:51:20,994:INFO:machine: AMD64
2024-03-27 15:51:20,994:INFO:platform: Windows-10-10.0.22631-SP0
2024-03-27 15:51:21,002:INFO:Memory: svmem(total=16961847296, available=2824445952, percent=83.3, used=14137401344, free=2824445952)
2024-03-27 15:51:21,002:INFO:Physical Core: 8
2024-03-27 15:51:21,002:INFO:Logical Core: 16
2024-03-27 15:51:21,002:INFO:Checking libraries
2024-03-27 15:51:21,002:INFO:System:
2024-03-27 15:51:21,002:INFO:    python: 3.11.8 (tags/v3.11.8:db85d51, Feb  6 2024, 22:03:32) [MSC v.1937 64 bit (AMD64)]
2024-03-27 15:51:21,002:INFO:executable: C:\Users\rafar\AppData\Local\Microsoft\WindowsApps\PythonSoftwareFoundation.Python.3.11_qbz5n2kfra8p0\python.exe
2024-03-27 15:51:21,002:INFO:   machine: Windows-10-10.0.22631-SP0
2024-03-27 15:51:21,002:INFO:PyCaret required dependencies:
2024-03-27 15:51:21,002:INFO:                 pip: 24.0
2024-03-27 15:51:21,002:INFO:          setuptools: 65.5.0
2024-03-27 15:51:21,002:INFO:             pycaret: 3.3.0
2024-03-27 15:51:21,002:INFO:             IPython: 8.12.3
2024-03-27 15:51:21,002:INFO:          ipywidgets: 8.1.2
2024-03-27 15:51:21,002:INFO:                tqdm: 4.66.2
2024-03-27 15:51:21,002:INFO:               numpy: 1.25.2
2024-03-27 15:51:21,003:INFO:              pandas: 2.1.4
2024-03-27 15:51:21,003:INFO:              jinja2: 3.1.3
2024-03-27 15:51:21,003:INFO:               scipy: 1.11.3
2024-03-27 15:51:21,003:INFO:              joblib: 1.3.2
2024-03-27 15:51:21,003:INFO:             sklearn: 1.4.1.post1
2024-03-27 15:51:21,003:INFO:                pyod: 1.1.3
2024-03-27 15:51:21,003:INFO:            imblearn: 0.12.0
2024-03-27 15:51:21,003:INFO:   category_encoders: 2.6.3
2024-03-27 15:51:21,003:INFO:            lightgbm: 4.3.0
2024-03-27 15:51:21,003:INFO:               numba: 0.58.1
2024-03-27 15:51:21,003:INFO:            requests: 2.31.0
2024-03-27 15:51:21,003:INFO:          matplotlib: 3.7.5
2024-03-27 15:51:21,003:INFO:          scikitplot: 0.3.7
2024-03-27 15:51:21,003:INFO:         yellowbrick: 1.5
2024-03-27 15:51:21,003:INFO:              plotly: 5.20.0
2024-03-27 15:51:21,003:INFO:    plotly-resampler: Not installed
2024-03-27 15:51:21,003:INFO:             kaleido: 0.2.1
2024-03-27 15:51:21,003:INFO:           schemdraw: 0.15
2024-03-27 15:51:21,003:INFO:         statsmodels: 0.14.1
2024-03-27 15:51:21,003:INFO:              sktime: 0.27.1
2024-03-27 15:51:21,003:INFO:               tbats: 1.1.3
2024-03-27 15:51:21,003:INFO:            pmdarima: 2.0.4
2024-03-27 15:51:21,003:INFO:              psutil: 5.9.5
2024-03-27 15:51:21,003:INFO:          markupsafe: 2.1.5
2024-03-27 15:51:21,003:INFO:             pickle5: Not installed
2024-03-27 15:51:21,003:INFO:         cloudpickle: 3.0.0
2024-03-27 15:51:21,003:INFO:         deprecation: 2.1.0
2024-03-27 15:51:21,003:INFO:              xxhash: 3.4.1
2024-03-27 15:51:21,003:INFO:           wurlitzer: Not installed
2024-03-27 15:51:21,003:INFO:PyCaret optional dependencies:
2024-03-27 15:51:21,003:INFO:                shap: Not installed
2024-03-27 15:51:21,003:INFO:           interpret: Not installed
2024-03-27 15:51:21,003:INFO:                umap: Not installed
2024-03-27 15:51:21,003:INFO:     ydata_profiling: 4.6.5
2024-03-27 15:51:21,003:INFO:  explainerdashboard: Not installed
2024-03-27 15:51:21,003:INFO:             autoviz: Not installed
2024-03-27 15:51:21,004:INFO:           fairlearn: Not installed
2024-03-27 15:51:21,004:INFO:          deepchecks: Not installed
2024-03-27 15:51:21,004:INFO:             xgboost: Not installed
2024-03-27 15:51:21,004:INFO:            catboost: Not installed
2024-03-27 15:51:21,004:INFO:              kmodes: Not installed
2024-03-27 15:51:21,004:INFO:             mlxtend: Not installed
2024-03-27 15:51:21,004:INFO:       statsforecast: Not installed
2024-03-27 15:51:21,004:INFO:        tune_sklearn: Not installed
2024-03-27 15:51:21,004:INFO:                 ray: Not installed
2024-03-27 15:51:21,004:INFO:            hyperopt: Not installed
2024-03-27 15:51:21,004:INFO:              optuna: Not installed
2024-03-27 15:51:21,004:INFO:               skopt: Not installed
2024-03-27 15:51:21,004:INFO:              mlflow: Not installed
2024-03-27 15:51:21,004:INFO:              gradio: Not installed
2024-03-27 15:51:21,004:INFO:             fastapi: Not installed
2024-03-27 15:51:21,004:INFO:             uvicorn: Not installed
2024-03-27 15:51:21,004:INFO:              m2cgen: Not installed
2024-03-27 15:51:21,004:INFO:           evidently: Not installed
2024-03-27 15:51:21,004:INFO:               fugue: Not installed
2024-03-27 15:51:21,004:INFO:           streamlit: 1.31.1
2024-03-27 15:51:21,004:INFO:             prophet: Not installed
2024-03-27 15:51:21,004:INFO:None
2024-03-27 15:51:21,004:INFO:Set up data.
2024-03-27 15:51:21,408:INFO:Set up folding strategy.
2024-03-27 15:51:21,409:INFO:Set up train/test split.
2024-03-27 15:51:21,517:INFO:Set up index.
2024-03-27 15:51:21,529:INFO:Assigning column types.
2024-03-27 15:51:21,625:INFO:Engine successfully changes for model 'lr' to 'sklearn'.
2024-03-27 15:51:21,625:INFO:Engine for model 'lasso' has not been set explicitly, hence returning None.
2024-03-27 15:51:21,629:INFO:Engine for model 'ridge' has not been set explicitly, hence returning None.
2024-03-27 15:51:21,632:INFO:Engine for model 'en' has not been set explicitly, hence returning None.
2024-03-27 15:51:21,828:INFO:Engine for model 'svm' has not been set explicitly, hence returning None.
2024-03-27 15:51:21,860:INFO:Engine for model 'knn' has not been set explicitly, hence returning None.
2024-03-27 15:51:21,861:WARNING:
'xgboost' is a soft dependency and not included in the pycaret installation. Please run: `pip install xgboost` to install.
Alternately, you can install this by running `pip install pycaret[models]`
2024-03-27 15:51:21,861:WARNING:
'catboost' is a soft dependency and not included in the pycaret installation. Please run: `pip install catboost` to install.
Alternately, you can install this by running `pip install pycaret[models]`
2024-03-27 15:51:21,861:INFO:Engine for model 'lasso' has not been set explicitly, hence returning None.
2024-03-27 15:51:21,865:INFO:Engine for model 'ridge' has not been set explicitly, hence returning None.
2024-03-27 15:51:21,868:INFO:Engine for model 'en' has not been set explicitly, hence returning None.
2024-03-27 15:51:22,053:INFO:Engine for model 'svm' has not been set explicitly, hence returning None.
2024-03-27 15:51:22,086:INFO:Engine for model 'knn' has not been set explicitly, hence returning None.
2024-03-27 15:51:22,086:WARNING:
'xgboost' is a soft dependency and not included in the pycaret installation. Please run: `pip install xgboost` to install.
Alternately, you can install this by running `pip install pycaret[models]`
2024-03-27 15:51:22,086:WARNING:
'catboost' is a soft dependency and not included in the pycaret installation. Please run: `pip install catboost` to install.
Alternately, you can install this by running `pip install pycaret[models]`
2024-03-27 15:51:22,087:INFO:Engine successfully changes for model 'lasso' to 'sklearn'.
2024-03-27 15:51:22,091:INFO:Engine for model 'ridge' has not been set explicitly, hence returning None.
2024-03-27 15:51:22,094:INFO:Engine for model 'en' has not been set explicitly, hence returning None.
2024-03-27 15:51:22,289:INFO:Engine for model 'svm' has not been set explicitly, hence returning None.
2024-03-27 15:51:22,338:INFO:Engine for model 'knn' has not been set explicitly, hence returning None.
2024-03-27 15:51:22,342:WARNING:
'xgboost' is a soft dependency and not included in the pycaret installation. Please run: `pip install xgboost` to install.
Alternately, you can install this by running `pip install pycaret[models]`
2024-03-27 15:51:22,342:WARNING:
'catboost' is a soft dependency and not included in the pycaret installation. Please run: `pip install catboost` to install.
Alternately, you can install this by running `pip install pycaret[models]`
2024-03-27 15:51:22,346:INFO:Engine for model 'ridge' has not been set explicitly, hence returning None.
2024-03-27 15:51:22,349:INFO:Engine for model 'en' has not been set explicitly, hence returning None.
2024-03-27 15:51:22,541:INFO:Engine for model 'svm' has not been set explicitly, hence returning None.
2024-03-27 15:51:22,575:INFO:Engine for model 'knn' has not been set explicitly, hence returning None.
2024-03-27 15:51:22,575:WARNING:
'xgboost' is a soft dependency and not included in the pycaret installation. Please run: `pip install xgboost` to install.
Alternately, you can install this by running `pip install pycaret[models]`
2024-03-27 15:51:22,575:WARNING:
'catboost' is a soft dependency and not included in the pycaret installation. Please run: `pip install catboost` to install.
Alternately, you can install this by running `pip install pycaret[models]`
2024-03-27 15:51:22,576:INFO:Engine successfully changes for model 'ridge' to 'sklearn'.
2024-03-27 15:51:22,582:INFO:Engine for model 'en' has not been set explicitly, hence returning None.
2024-03-27 15:51:22,778:INFO:Engine for model 'svm' has not been set explicitly, hence returning None.
2024-03-27 15:51:22,810:INFO:Engine for model 'knn' has not been set explicitly, hence returning None.
2024-03-27 15:51:22,810:WARNING:
'xgboost' is a soft dependency and not included in the pycaret installation. Please run: `pip install xgboost` to install.
Alternately, you can install this by running `pip install pycaret[models]`
2024-03-27 15:51:22,811:WARNING:
'catboost' is a soft dependency and not included in the pycaret installation. Please run: `pip install catboost` to install.
Alternately, you can install this by running `pip install pycaret[models]`
2024-03-27 15:51:22,817:INFO:Engine for model 'en' has not been set explicitly, hence returning None.
2024-03-27 15:51:23,006:INFO:Engine for model 'svm' has not been set explicitly, hence returning None.
2024-03-27 15:51:23,039:INFO:Engine for model 'knn' has not been set explicitly, hence returning None.
2024-03-27 15:51:23,040:WARNING:
'xgboost' is a soft dependency and not included in the pycaret installation. Please run: `pip install xgboost` to install.
Alternately, you can install this by running `pip install pycaret[models]`
2024-03-27 15:51:23,040:WARNING:
'catboost' is a soft dependency and not included in the pycaret installation. Please run: `pip install catboost` to install.
Alternately, you can install this by running `pip install pycaret[models]`
2024-03-27 15:51:23,040:INFO:Engine successfully changes for model 'en' to 'sklearn'.
2024-03-27 15:51:23,258:INFO:Engine for model 'svm' has not been set explicitly, hence returning None.
2024-03-27 15:51:23,291:INFO:Engine for model 'knn' has not been set explicitly, hence returning None.
2024-03-27 15:51:23,291:WARNING:
'xgboost' is a soft dependency and not included in the pycaret installation. Please run: `pip install xgboost` to install.
Alternately, you can install this by running `pip install pycaret[models]`
2024-03-27 15:51:23,291:WARNING:
'catboost' is a soft dependency and not included in the pycaret installation. Please run: `pip install catboost` to install.
Alternately, you can install this by running `pip install pycaret[models]`
2024-03-27 15:51:23,484:INFO:Engine for model 'svm' has not been set explicitly, hence returning None.
2024-03-27 15:51:23,519:INFO:Engine for model 'knn' has not been set explicitly, hence returning None.
2024-03-27 15:51:23,519:WARNING:
'xgboost' is a soft dependency and not included in the pycaret installation. Please run: `pip install xgboost` to install.
Alternately, you can install this by running `pip install pycaret[models]`
2024-03-27 15:51:23,519:WARNING:
'catboost' is a soft dependency and not included in the pycaret installation. Please run: `pip install catboost` to install.
Alternately, you can install this by running `pip install pycaret[models]`
2024-03-27 15:51:23,520:INFO:Engine successfully changes for model 'knn' to 'sklearn'.
2024-03-27 15:51:23,745:INFO:Engine for model 'svm' has not been set explicitly, hence returning None.
2024-03-27 15:51:23,806:WARNING:
'xgboost' is a soft dependency and not included in the pycaret installation. Please run: `pip install xgboost` to install.
Alternately, you can install this by running `pip install pycaret[models]`
2024-03-27 15:51:23,806:WARNING:
'catboost' is a soft dependency and not included in the pycaret installation. Please run: `pip install catboost` to install.
Alternately, you can install this by running `pip install pycaret[models]`
2024-03-27 15:51:24,001:INFO:Engine for model 'svm' has not been set explicitly, hence returning None.
2024-03-27 15:51:24,034:WARNING:
'xgboost' is a soft dependency and not included in the pycaret installation. Please run: `pip install xgboost` to install.
Alternately, you can install this by running `pip install pycaret[models]`
2024-03-27 15:51:24,034:WARNING:
'catboost' is a soft dependency and not included in the pycaret installation. Please run: `pip install catboost` to install.
Alternately, you can install this by running `pip install pycaret[models]`
2024-03-27 15:51:24,034:INFO:Engine successfully changes for model 'svm' to 'sklearn'.
2024-03-27 15:51:24,268:WARNING:
'xgboost' is a soft dependency and not included in the pycaret installation. Please run: `pip install xgboost` to install.
Alternately, you can install this by running `pip install pycaret[models]`
2024-03-27 15:51:24,268:WARNING:
'catboost' is a soft dependency and not included in the pycaret installation. Please run: `pip install catboost` to install.
Alternately, you can install this by running `pip install pycaret[models]`
2024-03-27 15:51:24,490:WARNING:
'xgboost' is a soft dependency and not included in the pycaret installation. Please run: `pip install xgboost` to install.
Alternately, you can install this by running `pip install pycaret[models]`
2024-03-27 15:51:24,490:WARNING:
'catboost' is a soft dependency and not included in the pycaret installation. Please run: `pip install catboost` to install.
Alternately, you can install this by running `pip install pycaret[models]`
2024-03-27 15:51:24,493:INFO:Preparing preprocessing pipeline...
2024-03-27 15:51:24,493:INFO:Set up date feature engineering.
2024-03-27 15:51:24,493:INFO:Set up simple imputation.
2024-03-27 15:51:24,593:INFO:Set up encoding of ordinal features.
2024-03-27 15:51:24,688:INFO:Set up encoding of categorical features.
2024-03-27 15:51:28,394:INFO:Finished creating preprocessing pipeline.
2024-03-27 15:51:28,413:INFO:Pipeline: Pipeline(memory=FastMemory(location=C:\Users\rafar\AppData\Local\Temp\joblib),
         steps=[('date_feature_extractor',
                 TransformerWrapper(exclude=None, include=['data_ref'],
                                    transformer=ExtractDateTimeFeatures(features=['day',
                                                                                  'month',
                                                                                  'year']))),
                ('numerical_imputer',
                 TransformerWrapper(exclude=None,
                                    include=['index', 'qtd_filhos', 'idade',
                                             'tempo_emprego',
                                             'qt_pess...
                                                               verbose=0))),
                ('onehot_encoding',
                 TransformerWrapper(exclude=None,
                                    include=['tipo_renda', 'educacao',
                                             'estado_civil',
                                             'tipo_residencia'],
                                    transformer=OneHotEncoder(cols=['tipo_renda',
                                                                    'educacao',
                                                                    'estado_civil',
                                                                    'tipo_residencia'],
                                                              drop_invariant=False,
                                                              handle_missing='return_nan',
                                                              handle_unknown='value',
                                                              return_df=True,
                                                              use_cat_names=True,
                                                              verbose=0)))],
         verbose=False)
2024-03-27 15:51:28,413:INFO:Creating final display dataframe.
2024-03-27 15:51:33,708:INFO:Setup _display_container:                     Description         Value
0                    Session id          6267
1                        Target           mau
2                   Target type    Regression
3           Original data shape  (750000, 15)
4        Transformed data shape  (750000, 34)
5   Transformed train set shape  (525000, 34)
6    Transformed test set shape  (225000, 34)
7              Numeric features             6
8                 Date features             1
9          Categorical features             7
10     Rows with missing values         16.8%
11                   Preprocess          True
12              Imputation type        simple
13           Numeric imputation          mean
14       Categorical imputation          mode
15     Maximum one-hot encoding            25
16              Encoding method          None
17               Fold Generator         KFold
18                  Fold Number            10
19                     CPU Jobs            -1
20                      Use GPU         False
21               Log Experiment         False
22              Experiment Name  credit_score
23                          USI          028b
2024-03-27 15:51:33,948:WARNING:
'xgboost' is a soft dependency and not included in the pycaret installation. Please run: `pip install xgboost` to install.
Alternately, you can install this by running `pip install pycaret[models]`
2024-03-27 15:51:33,948:WARNING:
'catboost' is a soft dependency and not included in the pycaret installation. Please run: `pip install catboost` to install.
Alternately, you can install this by running `pip install pycaret[models]`
2024-03-27 15:51:34,184:WARNING:
'xgboost' is a soft dependency and not included in the pycaret installation. Please run: `pip install xgboost` to install.
Alternately, you can install this by running `pip install pycaret[models]`
2024-03-27 15:51:34,184:WARNING:
'catboost' is a soft dependency and not included in the pycaret installation. Please run: `pip install catboost` to install.
Alternately, you can install this by running `pip install pycaret[models]`
2024-03-27 15:51:34,185:INFO:setup() successfully completed in 13.19s...............
2024-03-27 15:51:34,190:INFO:Initializing create_model()
2024-03-27 15:51:34,191:INFO:create_model(self=<pycaret.regression.oop.RegressionExperiment object at 0x0000021E8DDA2B90>, estimator=lightgbm, fold=None, round=4, cross_validation=True, predict=True, fit_kwargs=None, groups=None, refit=True, probability_threshold=None, experiment_custom_tags=None, verbose=True, system=True, add_to_model_list=True, metrics=None, display=None, model_only=True, return_train_score=False, error_score=0.0, kwargs={})
2024-03-27 15:51:34,191:INFO:Checking exceptions
2024-03-27 15:51:34,201:INFO:Importing libraries
2024-03-27 15:51:34,201:INFO:Copying training dataset
2024-03-27 15:51:34,430:INFO:Defining folds
2024-03-27 15:51:34,430:INFO:Declaring metric variables
2024-03-27 15:51:34,433:INFO:Importing untrained model
2024-03-27 15:51:34,435:INFO:Light Gradient Boosting Machine Imported successfully
2024-03-27 15:51:34,439:INFO:Starting cross validation
2024-03-27 15:51:34,468:INFO:Cross validating with KFold(n_splits=10, random_state=None, shuffle=False), n_jobs=-1
2024-03-27 15:51:59,411:INFO:Calculating mean and std
2024-03-27 15:51:59,413:INFO:Creating metrics dataframe
2024-03-27 15:51:59,417:INFO:Finalizing model
2024-03-27 15:52:03,183:INFO:[LightGBM] [Warning] Found whitespace in feature_names, replace with underlines
2024-03-27 15:52:03,274:INFO:[LightGBM] [Info] Auto-choosing row-wise multi-threading, the overhead of testing was 0.018091 seconds.
2024-03-27 15:52:03,275:INFO:You can set `force_row_wise=true` to remove the overhead.
2024-03-27 15:52:03,275:INFO:And if memory is not enough, you can set `force_col_wise=true`.
2024-03-27 15:52:03,276:INFO:[LightGBM] [Info] Total Bins 895
2024-03-27 15:52:03,276:INFO:[LightGBM] [Info] Number of data points in the train set: 525000, number of used features: 32
2024-03-27 15:52:03,281:INFO:[LightGBM] [Info] Start training from score 0.078263
2024-03-27 15:52:03,905:INFO:Uploading results into container
2024-03-27 15:52:03,906:INFO:Uploading model into container now
2024-03-27 15:52:03,918:INFO:_master_model_container: 1
2024-03-27 15:52:03,918:INFO:_display_container: 2
2024-03-27 15:52:03,918:INFO:LGBMRegressor(boosting_type='gbdt', class_weight=None, colsample_bytree=1.0,
              importance_type='split', learning_rate=0.1, max_depth=-1,
              min_child_samples=20, min_child_weight=0.001, min_split_gain=0.0,
              n_estimators=100, n_jobs=-1, num_leaves=31, objective=None,
              random_state=6267, reg_alpha=0.0, reg_lambda=0.0, subsample=1.0,
              subsample_for_bin=200000, subsample_freq=0)
2024-03-27 15:52:03,919:INFO:create_model() successfully completed......................................
2024-03-27 15:52:04,244:INFO:Initializing plot_model()
2024-03-27 15:52:04,244:INFO:plot_model(self=<pycaret.regression.oop.RegressionExperiment object at 0x0000021E8DDA2B90>, estimator=LGBMRegressor(boosting_type='gbdt', class_weight=None, colsample_bytree=1.0,
              importance_type='split', learning_rate=0.1, max_depth=-1,
              min_child_samples=20, min_child_weight=0.001, min_split_gain=0.0,
              n_estimators=100, n_jobs=-1, num_leaves=31, objective=None,
              random_state=6267, reg_alpha=0.0, reg_lambda=0.0, subsample=1.0,
              subsample_for_bin=200000, subsample_freq=0), plot=feature, scale=1, save=False, fold=None, fit_kwargs=None, plot_kwargs=None, groups=None, feature_name=None, label=False, verbose=True, system=True, display=None, display_format=None)
2024-03-27 15:52:04,244:INFO:Checking exceptions
2024-03-27 15:52:04,332:INFO:Preloading libraries
2024-03-27 15:52:04,338:INFO:Copying training dataset
2024-03-27 15:52:04,338:INFO:Plot type: feature
2024-03-27 15:52:04,339:WARNING:No coef_ found. Trying feature_importances_
2024-03-27 15:52:04,942:INFO:Visual Rendered Successfully
2024-03-27 15:52:05,126:INFO:plot_model() successfully completed......................................
2024-03-27 15:52:05,152:INFO:Initializing plot_model()
2024-03-27 15:52:05,153:INFO:plot_model(self=<pycaret.regression.oop.RegressionExperiment object at 0x0000021E8DDA2B90>, estimator=LGBMRegressor(boosting_type='gbdt', class_weight=None, colsample_bytree=1.0,
              importance_type='split', learning_rate=0.1, max_depth=-1,
              min_child_samples=20, min_child_weight=0.001, min_split_gain=0.0,
              n_estimators=100, n_jobs=-1, num_leaves=31, objective=None,
              random_state=6267, reg_alpha=0.0, reg_lambda=0.0, subsample=1.0,
              subsample_for_bin=200000, subsample_freq=0), plot=auc, scale=1, save=False, fold=None, fit_kwargs=None, plot_kwargs=None, groups=None, feature_name=None, label=False, verbose=True, system=True, display=None, display_format=None)
2024-03-27 15:52:05,153:INFO:Checking exceptions
2024-03-27 15:53:56,878:INFO:Initializing plot_model()
2024-03-27 15:53:56,878:INFO:plot_model(self=<pycaret.regression.oop.RegressionExperiment object at 0x0000021E8DDA2B90>, estimator=LGBMRegressor(boosting_type='gbdt', class_weight=None, colsample_bytree=1.0,
              importance_type='split', learning_rate=0.1, max_depth=-1,
              min_child_samples=20, min_child_weight=0.001, min_split_gain=0.0,
              n_estimators=100, n_jobs=-1, num_leaves=31, objective=None,
              random_state=6267, reg_alpha=0.0, reg_lambda=0.0, subsample=1.0,
              subsample_for_bin=200000, subsample_freq=0), plot=feature, scale=1, save=False, fold=None, fit_kwargs=None, plot_kwargs=None, groups=None, feature_name=None, label=False, verbose=True, system=True, display=None, display_format=None)
2024-03-27 15:53:56,879:INFO:Checking exceptions
2024-03-27 15:53:56,958:INFO:Preloading libraries
2024-03-27 15:53:56,963:INFO:Copying training dataset
2024-03-27 15:53:56,963:INFO:Plot type: feature
2024-03-27 15:53:56,963:WARNING:No coef_ found. Trying feature_importances_
2024-03-27 15:53:57,479:INFO:Visual Rendered Successfully
2024-03-27 15:53:57,697:INFO:plot_model() successfully completed......................................
2024-03-27 15:53:59,431:INFO:Initializing plot_model()
2024-03-27 15:53:59,431:INFO:plot_model(self=<pycaret.regression.oop.RegressionExperiment object at 0x0000021E8DDA2B90>, estimator=LGBMRegressor(boosting_type='gbdt', class_weight=None, colsample_bytree=1.0,
              importance_type='split', learning_rate=0.1, max_depth=-1,
              min_child_samples=20, min_child_weight=0.001, min_split_gain=0.0,
              n_estimators=100, n_jobs=-1, num_leaves=31, objective=None,
              random_state=6267, reg_alpha=0.0, reg_lambda=0.0, subsample=1.0,
              subsample_for_bin=200000, subsample_freq=0), plot=pr, scale=1, save=False, fold=None, fit_kwargs=None, plot_kwargs=None, groups=None, feature_name=None, label=False, verbose=True, system=True, display=None, display_format=None)
2024-03-27 15:53:59,431:INFO:Checking exceptions
2024-03-27 15:54:18,081:INFO:Initializing plot_model()
2024-03-27 15:54:18,081:INFO:plot_model(self=<pycaret.regression.oop.RegressionExperiment object at 0x0000021E8DDA2B90>, estimator=LGBMRegressor(boosting_type='gbdt', class_weight=None, colsample_bytree=1.0,
              importance_type='split', learning_rate=0.1, max_depth=-1,
              min_child_samples=20, min_child_weight=0.001, min_split_gain=0.0,
              n_estimators=100, n_jobs=-1, num_leaves=31, objective=None,
              random_state=6267, reg_alpha=0.0, reg_lambda=0.0, subsample=1.0,
              subsample_for_bin=200000, subsample_freq=0), plot=bars, scale=1, save=False, fold=None, fit_kwargs=None, plot_kwargs=None, groups=None, feature_name=None, label=False, verbose=True, system=True, display=None, display_format=None)
2024-03-27 15:54:18,081:INFO:Checking exceptions
2024-03-27 15:54:24,482:INFO:Initializing plot_model()
2024-03-27 15:54:24,482:INFO:plot_model(self=<pycaret.regression.oop.RegressionExperiment object at 0x0000021E8DDA2B90>, estimator=LGBMRegressor(boosting_type='gbdt', class_weight=None, colsample_bytree=1.0,
              importance_type='split', learning_rate=0.1, max_depth=-1,
              min_child_samples=20, min_child_weight=0.001, min_split_gain=0.0,
              n_estimators=100, n_jobs=-1, num_leaves=31, objective=None,
              random_state=6267, reg_alpha=0.0, reg_lambda=0.0, subsample=1.0,
              subsample_for_bin=200000, subsample_freq=0), plot=dispersion, scale=1, save=False, fold=None, fit_kwargs=None, plot_kwargs=None, groups=None, feature_name=None, label=False, verbose=True, system=True, display=None, display_format=None)
2024-03-27 15:54:24,482:INFO:Checking exceptions
2024-03-27 15:54:31,632:INFO:Initializing plot_model()
2024-03-27 15:54:31,632:INFO:plot_model(self=<pycaret.regression.oop.RegressionExperiment object at 0x0000021E8DDA2B90>, estimator=LGBMRegressor(boosting_type='gbdt', class_weight=None, colsample_bytree=1.0,
              importance_type='split', learning_rate=0.1, max_depth=-1,
              min_child_samples=20, min_child_weight=0.001, min_split_gain=0.0,
              n_estimators=100, n_jobs=-1, num_leaves=31, objective=None,
              random_state=6267, reg_alpha=0.0, reg_lambda=0.0, subsample=1.0,
              subsample_for_bin=200000, subsample_freq=0), plot=feature, scale=1, save=False, fold=None, fit_kwargs=None, plot_kwargs=None, groups=None, feature_name=None, label=False, verbose=True, system=True, display=None, display_format=None)
2024-03-27 15:54:31,632:INFO:Checking exceptions
2024-03-27 15:54:31,708:INFO:Preloading libraries
2024-03-27 15:54:31,713:INFO:Copying training dataset
2024-03-27 15:54:31,714:INFO:Plot type: feature
2024-03-27 15:54:31,714:WARNING:No coef_ found. Trying feature_importances_
2024-03-27 15:54:32,239:INFO:Visual Rendered Successfully
2024-03-27 15:54:32,449:INFO:plot_model() successfully completed......................................
2024-03-27 15:54:34,965:INFO:Initializing plot_model()
2024-03-27 15:54:34,966:INFO:plot_model(self=<pycaret.regression.oop.RegressionExperiment object at 0x0000021E8DDA2B90>, estimator=LGBMRegressor(boosting_type='gbdt', class_weight=None, colsample_bytree=1.0,
              importance_type='split', learning_rate=0.1, max_depth=-1,
              min_child_samples=20, min_child_weight=0.001, min_split_gain=0.0,
              n_estimators=100, n_jobs=-1, num_leaves=31, objective=None,
              random_state=6267, reg_alpha=0.0, reg_lambda=0.0, subsample=1.0,
              subsample_for_bin=200000, subsample_freq=0), plot=confusion_matrix, scale=1, save=False, fold=None, fit_kwargs=None, plot_kwargs=None, groups=None, feature_name=None, label=False, verbose=True, system=True, display=None, display_format=None)
2024-03-27 15:54:34,966:INFO:Checking exceptions
2024-03-27 15:54:55,994:INFO:Initializing plot_model()
2024-03-27 15:54:55,994:INFO:plot_model(self=<pycaret.regression.oop.RegressionExperiment object at 0x0000021E8DDA2B90>, estimator=LGBMRegressor(boosting_type='gbdt', class_weight=None, colsample_bytree=1.0,
              importance_type='split', learning_rate=0.1, max_depth=-1,
              min_child_samples=20, min_child_weight=0.001, min_split_gain=0.0,
              n_estimators=100, n_jobs=-1, num_leaves=31, objective=None,
              random_state=6267, reg_alpha=0.0, reg_lambda=0.0, subsample=1.0,
              subsample_for_bin=200000, subsample_freq=0), plot=feature, scale=1, save=False, fold=None, fit_kwargs=None, plot_kwargs=None, groups=None, feature_name=None, label=False, verbose=True, system=True, display=None, display_format=None)
2024-03-27 15:54:55,994:INFO:Checking exceptions
2024-03-27 15:54:56,075:INFO:Preloading libraries
2024-03-27 15:54:56,081:INFO:Copying training dataset
2024-03-27 15:54:56,081:INFO:Plot type: feature
2024-03-27 15:54:56,081:WARNING:No coef_ found. Trying feature_importances_
2024-03-27 15:54:56,615:INFO:Visual Rendered Successfully
2024-03-27 15:54:56,796:INFO:plot_model() successfully completed......................................
2024-03-27 15:54:59,971:INFO:Initializing predict_model()
2024-03-27 15:54:59,971:INFO:predict_model(self=<pycaret.regression.oop.RegressionExperiment object at 0x0000021E8DDA2B90>, estimator=LGBMRegressor(boosting_type='gbdt', class_weight=None, colsample_bytree=1.0,
              importance_type='split', learning_rate=0.1, max_depth=-1,
              min_child_samples=20, min_child_weight=0.001, min_split_gain=0.0,
              n_estimators=100, n_jobs=-1, num_leaves=31, objective=None,
              random_state=6267, reg_alpha=0.0, reg_lambda=0.0, subsample=1.0,
              subsample_for_bin=200000, subsample_freq=0), probability_threshold=None, encoded_labels=False, raw_score=False, round=4, verbose=True, ml_usecase=None, preprocess=True, encode_labels=<function _SupervisedExperiment.predict_model.<locals>.encode_labels at 0x0000021E8D150680>)
2024-03-27 15:54:59,971:INFO:Checking exceptions
2024-03-27 15:54:59,971:INFO:Preloading libraries
2024-03-27 15:55:04,052:INFO:Initializing save_model()
2024-03-27 15:55:04,052:INFO:save_model(model=LGBMRegressor(boosting_type='gbdt', class_weight=None, colsample_bytree=1.0,
              importance_type='split', learning_rate=0.1, max_depth=-1,
              min_child_samples=20, min_child_weight=0.001, min_split_gain=0.0,
              n_estimators=100, n_jobs=-1, num_leaves=31, objective=None,
              random_state=6267, reg_alpha=0.0, reg_lambda=0.0, subsample=1.0,
              subsample_for_bin=200000, subsample_freq=0), model_name=model_final.pkl, prep_pipe_=Pipeline(memory=FastMemory(location=C:\Users\rafar\AppData\Local\Temp\joblib),
         steps=[('date_feature_extractor',
                 TransformerWrapper(exclude=None, include=['data_ref'],
                                    transformer=ExtractDateTimeFeatures(features=['day',
                                                                                  'month',
                                                                                  'year']))),
                ('numerical_imputer',
                 TransformerWrapper(exclude=None,
                                    include=['index', 'qtd_filhos', 'idade',
                                             'tempo_emprego',
                                             'qt_pess...
                                                               verbose=0))),
                ('onehot_encoding',
                 TransformerWrapper(exclude=None,
                                    include=['tipo_renda', 'educacao',
                                             'estado_civil',
                                             'tipo_residencia'],
                                    transformer=OneHotEncoder(cols=['tipo_renda',
                                                                    'educacao',
                                                                    'estado_civil',
                                                                    'tipo_residencia'],
                                                              drop_invariant=False,
                                                              handle_missing='return_nan',
                                                              handle_unknown='value',
                                                              return_df=True,
                                                              use_cat_names=True,
                                                              verbose=0)))],
         verbose=False), verbose=True, use_case=MLUsecase.REGRESSION, kwargs={})
2024-03-27 15:55:04,052:INFO:Adding model into prep_pipe
2024-03-27 15:55:04,064:INFO:model_final.pkl.pkl saved in current working directory
2024-03-27 15:55:04,089:INFO:Pipeline(memory=Memory(location=None),
         steps=[('date_feature_extractor',
                 TransformerWrapper(exclude=None, include=['data_ref'],
                                    transformer=ExtractDateTimeFeatures(features=['day',
                                                                                  'month',
                                                                                  'year']))),
                ('numerical_imputer',
                 TransformerWrapper(exclude=None,
                                    include=['index', 'qtd_filhos', 'idade',
                                             'tempo_emprego',
                                             'qt_pessoas_residencia', 'renda'],
                                    transformer=Sim...
                 LGBMRegressor(boosting_type='gbdt', class_weight=None,
                               colsample_bytree=1.0, importance_type='split',
                               learning_rate=0.1, max_depth=-1,
                               min_child_samples=20, min_child_weight=0.001,
                               min_split_gain=0.0, n_estimators=100, n_jobs=-1,
                               num_leaves=31, objective=None, random_state=6267,
                               reg_alpha=0.0, reg_lambda=0.0, subsample=1.0,
                               subsample_for_bin=200000, subsample_freq=0))],
         verbose=False)
2024-03-27 15:55:04,089:INFO:save_model() successfully completed......................................
